Arguments: 
  C:\Program Files\nodejs\node.exe C:\Users\brews\AppData\Roaming\npm\node_modules\yarn\bin\yarn.js

PATH: 
  C:\Users\brews\Documents\GitHub\myalyce_base\node_modules\.bin;C:\Users\brews\Documents\GitHub\node_modules\.bin;C:\Users\brews\Documents\node_modules\.bin;C:\Users\brews\node_modules\.bin;C:\Users\node_modules\.bin;C:\node_modules\.bin;C:\Users\brews\AppData\Roaming\npm\node_modules\npm\node_modules\@npmcli\run-script\lib\node-gyp-bin;C:\Python310\Scripts\;C:\Python310\;C:\Python39\Scripts\;C:\Python39\;C:\Windows\system32;C:\Windows;C:\Windows\System32\Wbem;C:\Windows\System32\WindowsPowerShell\v1.0\;C:\Windows\System32\OpenSSH\;C:\Program Files (x86)\NVIDIA Corporation\PhysX\Common;C:\Program Files\NVIDIA Corporation\NVIDIA NvDLISR;C:\ProgramData\chocolatey\bin;C:\WINDOWS\system32;C:\WINDOWS;C:\WINDOWS\System32\Wbem;C:\WINDOWS\System32\WindowsPowerShell\v1.0\;C:\WINDOWS\System32\OpenSSH\;C:\Program Files\Docker\Docker\resources\bin;C:\ProgramData\DockerDesktop\version-bin;C:\Program Files\PuTTY\;C:\Users\brews\AppData\Roaming\npm\node_modules\yarn\bin\;C:\Users\brews\AppData\Roaming\npm\node_modules\cordova\bin\;C:\Users\brews\AppData\Roaming\npm\node_modules\@ionic\cli\bin\;C:\Users\brews\AppData\Roaming\npm\node_modules\typescript\bin\;C:\Users\brews\AppData\Roaming\npm\;C:\Program Files\CMake\bin;C:\Program Files\Git\cmd;C:\Program Files (x86)\Nordic Semiconductor\nrf-command-line-tools\bin\;C:\Program Files\nodejs\;C:\gnu_arm_embedded\bin;C:\Python310\Scripts\;C:\Python310\;C:\Python39\Scripts\;C:\Python39\;C:\Windows\system32;C:\Windows;C:\Windows\System32\Wbem;C:\Windows\System32\WindowsPowerShell\v1.0\;C:\Windows\System32\OpenSSH\;C:\Program Files (x86)\NVIDIA Corporation\PhysX\Common;C:\Program Files\NVIDIA Corporation\NVIDIA NvDLISR;C:\ProgramData\chocolatey\bin;C:\WINDOWS\system32;C:\WINDOWS;C:\WINDOWS\System32\Wbem;C:\WINDOWS\System32\WindowsPowerShell\v1.0\;C:\WINDOWS\System32\OpenSSH\;C:\Program Files\Docker\Docker\resources\bin;C:\ProgramData\DockerDesktop\version-bin;C:\Program Files\PuTTY\;C:\Users\brews\AppData\Roaming\npm\node_modules\yarn\bin\;C:\Users\brews\AppData\Roaming\npm\node_modules\cordova\bin\;C:\Users\brews\AppData\Roaming\npm\node_modules\@ionic\cli\bin\;C:\Users\brews\AppData\Roaming\npm\node_modules\typescript\bin\;C:\Users\brews\AppData\Roaming\npm\;C:\Program Files\CMake\bin;C:\Program Files\Git\cmd;C:\Program Files (x86)\Nordic Semiconductor\nrf-command-line-tools\bin\;C:\Program Files\nodejs\;C:\Program Files (x86)\NSIS;C:\Users\brews\AppData\Local\Programs\Microsoft VS Code\bin;C:\Users\brews\AppData\Local\GitHubDesktop\bin;C:\Program Files\SEGGER\JLink\;C:\Users\brews\AppData\Local\Programs\nrfconnect\;C:\Users\brews\AppData\Roaming\npm;C:\Program Files\OpenSSL-Win64\bin;

Yarn version: 
  1.22.11

Node version: 
  16.13.0

Platform: 
  win32 x64

Trace: 
  Error: ENOENT: no such file or directory, open 'C:\Users\brews\AppData\Local\Yarn\Cache\v6\npm-uglify-js-3.15.2-1ed2c976f448063b1f87adb68c741be79959f951-integrity\node_modules\uglify-js\.yarn-metadata.json'

npm manifest: 
  {
    "name": "liveserver-router",
    "version": "0.0.22",
    "main": "./dist/index.js",
    "module": "dist/index.esm.js",
    "types": "./dist/router/index.d.ts",
    "files": [
      "dist"
    ],
    "scripts": {
      "build": "rollup -c && tsc",
      "test": "echo \"Error: no test specified\" && exit 1"
    },
    "author": "Joshua Brewster, Garrett Flynn",
    "license": "AGPL-3.0-or-later",
    "dependencies": {
      "anotherstatemanager": "^1.1.0"
    },
    "bugs": {
      "url": "https://github.com/brainsatplay/liveserver"
    },
    "homepage": "https://github.com/brainsatplay/liveserver#readme",
    "devDependencies": {
      "@babel/core": "^7.17.2",
      "@babel/plugin-proposal-class-properties": "^7.16.7",
      "@babel/preset-env": "^7.16.11",
      "@rollup/plugin-babel": "^5.3.0",
      "@rollup/plugin-commonjs": "^21.0.1",
      "@rollup/plugin-json": "^4.1.0",
      "@rollup/plugin-node-resolve": "^13.1.3",
      "@web/rollup-plugin-copy": "^0.3.0",
      "node-fetch": "^3.2.0",
      "rollup": "^2.67.2",
      "rollup-plugin-import-css": "^3.0.2",
      "rollup-plugin-minify-html-literals": "^1.2.6",
      "rollup-plugin-polyfill": "^4.0.0",
      "rollup-plugin-summary": "^1.3.0",
      "rollup-plugin-terser": "^7.0.2",
      "rollup-plugin-typescript2": "^0.31.2"
    }
  }

yarn manifest: 
  No manifest

Lockfile: 
  No lockfile
